<?xml version="1.0" encoding="UTF-8"?>
<!-- Generated by org.testng.reporters.JUnitReportReporter -->
<testsuite hostname="DESKTOP-UF9NFAU" failures="0" tests="2" name="code" time="0.013" errors="0" timestamp="2023-03-13T11:12:12 PST" skipped="0">
  <testcase classname="code" name="gitBye" time="0.011"/>
  <system-out/>
  <testcase classname="code" name="gitHello" time="0.002"/>
  <system-out/>
</testsuite> <!-- code -->
